---------------------------------------------------------------
[ 2018-05-14T21:13:05+08:00 ] 127.0.0.1 127.0.0.1 GET /Main
[ info ] www.h.com/Main [运行时间：0.038000s][吞吐率：26.32req/s] [内存消耗：2,004.16kb] [文件加载：53]
[ info ] [ LANG ] F:\web\s6\thinkphp\lang\zh-cn.php
[ info ] [ BIND ] 'index'
[ info ] [ ROUTE ] array (
  'type' => 'module',
  'module' => 
  array (
    0 => NULL,
    1 => 'content',
    2 => 'list',
  ),
  'convert' => false,
)
[ info ] [ HEADER ] array (
  'accept-language' => 'zh-CN,zh;q=0.9',
  'accept-encoding' => 'gzip, deflate',
  'accept' => 'text/html,application/xhtml+xml,application/xml;q=0.9,image/webp,image/apng,*/*;q=0.8',
  'user-agent' => 'Mozilla/5.0 (Windows NT 6.1; Win64; x64) AppleWebKit/537.36 (KHTML, like Gecko) Chrome/65.0.3325.181 Safari/537.36',
  'upgrade-insecure-requests' => '1',
  'connection' => 'close',
  'host' => 'www.h.com',
)
[ info ] [ PARAM ] array (
  '/Main' => '',
  'etitle' => 'Main',
)
[ info ] [ DB ] INIT mysql
[ info ] [ LOG ] INIT File
[ error ] [1045]SQLSTATE[HY000] [1045] Access denied for user 'aiqinweb'@'localhost' (using password: YES)[F:\web\s6\thinkphp\library\think\db\Connection.php:293]
---------------------------------------------------------------
[ 2018-05-14T21:13:05+08:00 ] 127.0.0.1 127.0.0.1 GET /favicon.ico
[ info ] www.h.com/favicon.ico [运行时间：0.024000s][吞吐率：41.67req/s] [内存消耗：2,004.07kb] [文件加载：53]
[ info ] [ LANG ] F:\web\s6\thinkphp\lang\zh-cn.php
[ info ] [ BIND ] 'index'
[ info ] [ ROUTE ] array (
  'type' => 'module',
  'module' => 
  array (
    0 => NULL,
    1 => 'content',
    2 => 'list',
  ),
  'convert' => false,
)
[ info ] [ HEADER ] array (
  'accept-language' => 'zh-CN,zh;q=0.9',
  'accept-encoding' => 'gzip, deflate',
  'referer' => 'http://www.h.com/Main',
  'accept' => 'image/webp,image/apng,image/*,*/*;q=0.8',
  'user-agent' => 'Mozilla/5.0 (Windows NT 6.1; Win64; x64) AppleWebKit/537.36 (KHTML, like Gecko) Chrome/65.0.3325.181 Safari/537.36',
  'connection' => 'close',
  'host' => 'www.h.com',
)
[ info ] [ PARAM ] array (
  '/favicon_ico' => '',
  'etitle' => 'favicon.ico',
)
[ info ] [ DB ] INIT mysql
[ info ] [ LOG ] INIT File
[ error ] [1045]SQLSTATE[HY000] [1045] Access denied for user 'aiqinweb'@'localhost' (using password: YES)[F:\web\s6\thinkphp\library\think\db\Connection.php:293]
---------------------------------------------------------------
[ 2018-05-14T21:13:17+08:00 ] 127.0.0.1 127.0.0.1 GET /favicon.ico
[ info ] www.h.com/favicon.ico [运行时间：0.026000s][吞吐率：38.46req/s] [内存消耗：2,004.38kb] [文件加载：53]
[ info ] [ LANG ] F:\web\s6\thinkphp\lang\zh-cn.php
[ info ] [ BIND ] 'index'
[ info ] [ ROUTE ] array (
  'type' => 'module',
  'module' => 
  array (
    0 => NULL,
    1 => 'content',
    2 => 'list',
  ),
  'convert' => false,
)
[ info ] [ HEADER ] array (
  'cookie' => 'PHPSESSID=fbbut8aqk3k1bfnempaae7bld9',
  'accept-language' => 'zh-CN,zh;q=0.9',
  'accept-encoding' => 'gzip, deflate',
  'referer' => 'http://www.h.com/ht.php',
  'accept' => 'image/webp,image/apng,image/*,*/*;q=0.8',
  'user-agent' => 'Mozilla/5.0 (Windows NT 6.1; Win64; x64) AppleWebKit/537.36 (KHTML, like Gecko) Chrome/65.0.3325.181 Safari/537.36',
  'connection' => 'close',
  'host' => 'www.h.com',
)
[ info ] [ PARAM ] array (
  '/favicon_ico' => '',
  'etitle' => 'favicon.ico',
)
[ info ] [ DB ] INIT mysql
[ info ] [ LOG ] INIT File
[ error ] [1045]SQLSTATE[HY000] [1045] Access denied for user 'aiqinweb'@'localhost' (using password: YES)[F:\web\s6\thinkphp\library\think\db\Connection.php:293]
---------------------------------------------------------------
[ 2018-05-14T21:13:19+08:00 ] 127.0.0.1 127.0.0.1 GET /favicon.ico
[ info ] www.h.com/favicon.ico [运行时间：0.027000s][吞吐率：37.04req/s] [内存消耗：2,005.36kb] [文件加载：53]
[ info ] [ LANG ] F:\web\s6\thinkphp\lang\zh-cn.php
[ info ] [ BIND ] 'index'
[ info ] [ ROUTE ] array (
  'type' => 'module',
  'module' => 
  array (
    0 => NULL,
    1 => 'content',
    2 => 'list',
  ),
  'convert' => false,
)
[ info ] [ HEADER ] array (
  'cookie' => 'PHPSESSID=fbbut8aqk3k1bfnempaae7bld9',
  'accept-language' => 'zh-CN,zh;q=0.9',
  'accept-encoding' => 'gzip, deflate',
  'referer' => 'http://www.h.com/ht.php',
  'accept' => 'image/webp,image/apng,image/*,*/*;q=0.8',
  'user-agent' => 'Mozilla/5.0 (Windows NT 6.1; Win64; x64) AppleWebKit/537.36 (KHTML, like Gecko) Chrome/65.0.3325.181 Safari/537.36',
  'cache-control' => 'no-cache',
  'pragma' => 'no-cache',
  'connection' => 'close',
  'host' => 'www.h.com',
)
[ info ] [ PARAM ] array (
  '/favicon_ico' => '',
  'etitle' => 'favicon.ico',
)
[ info ] [ DB ] INIT mysql
[ info ] [ LOG ] INIT File
[ error ] [1045]SQLSTATE[HY000] [1045] Access denied for user 'aiqinweb'@'localhost' (using password: YES)[F:\web\s6\thinkphp\library\think\db\Connection.php:293]
---------------------------------------------------------------
[ 2018-05-14T21:14:12+08:00 ] 127.0.0.1 127.0.0.1 GET /static/h/css/font-awesome.min93e3.css?v=4.4.0
[ info ] www.h.com/static/h/css/font-awesome.min93e3.css?v=4.4.0 [运行时间：0.024000s][吞吐率：41.67req/s] [内存消耗：1,279.08kb] [文件加载：40]
[ info ] [ LANG ] F:\web\s6\thinkphp\lang\zh-cn.php
[ info ] [ BIND ] 'index'
[ info ] [ ROUTE ] array (
  'type' => 'module',
  'module' => 
  array (
    0 => 'index',
    1 => 'static',
    2 => 'h',
  ),
)
[ info ] [ HEADER ] array (
  'cookie' => 'PHPSESSID=fbbut8aqk3k1bfnempaae7bld9',
  'accept-language' => 'zh-CN,zh;q=0.9',
  'accept-encoding' => 'gzip, deflate',
  'referer' => 'http://www.h.com/ht.php/main/welcome.html',
  'accept' => 'text/css,*/*;q=0.1',
  'user-agent' => 'Mozilla/5.0 (Windows NT 6.1; Win64; x64) AppleWebKit/537.36 (KHTML, like Gecko) Chrome/65.0.3325.181 Safari/537.36',
  'connection' => 'close',
  'host' => 'www.h.com',
)
[ info ] [ PARAM ] array (
  '/static/h/css/font-awesome_min93e3_css' => '',
  'v' => '4.4.0',
  'css' => 'font-awesome.min93e3.css',
)
[ info ] [ LOG ] INIT File
---------------------------------------------------------------
[ 2018-05-14T21:14:13+08:00 ] 127.0.0.1 127.0.0.1 GET /static/h/css/bootstrap.min14ed.css?v=3.3.6
[ info ] www.h.com/static/h/css/bootstrap.min14ed.css?v=3.3.6 [运行时间：0.014000s][吞吐率：71.43req/s] [内存消耗：1,279.07kb] [文件加载：40]
[ info ] [ LANG ] F:\web\s6\thinkphp\lang\zh-cn.php
[ info ] [ BIND ] 'index'
[ info ] [ ROUTE ] array (
  'type' => 'module',
  'module' => 
  array (
    0 => 'index',
    1 => 'static',
    2 => 'h',
  ),
)
[ info ] [ HEADER ] array (
  'cookie' => 'PHPSESSID=fbbut8aqk3k1bfnempaae7bld9',
  'accept-language' => 'zh-CN,zh;q=0.9',
  'accept-encoding' => 'gzip, deflate',
  'referer' => 'http://www.h.com/ht.php/main/welcome.html',
  'accept' => 'text/css,*/*;q=0.1',
  'user-agent' => 'Mozilla/5.0 (Windows NT 6.1; Win64; x64) AppleWebKit/537.36 (KHTML, like Gecko) Chrome/65.0.3325.181 Safari/537.36',
  'connection' => 'close',
  'host' => 'www.h.com',
)
[ info ] [ PARAM ] array (
  '/static/h/css/bootstrap_min14ed_css' => '',
  'v' => '3.3.6',
  'css' => 'bootstrap.min14ed.css',
)
[ info ] [ LOG ] INIT File
---------------------------------------------------------------
[ 2018-05-14T21:14:13+08:00 ] 127.0.0.1 127.0.0.1 GET /favicon.ico
[ info ] www.h.com/favicon.ico [运行时间：0.037000s][吞吐率：27.03req/s] [内存消耗：2,004.41kb] [文件加载：53]
[ info ] [ LANG ] F:\web\s6\thinkphp\lang\zh-cn.php
[ info ] [ BIND ] 'index'
[ info ] [ ROUTE ] array (
  'type' => 'module',
  'module' => 
  array (
    0 => NULL,
    1 => 'content',
    2 => 'list',
  ),
  'convert' => false,
)
[ info ] [ HEADER ] array (
  'cookie' => 'PHPSESSID=fbbut8aqk3k1bfnempaae7bld9',
  'accept-language' => 'zh-CN,zh;q=0.9',
  'accept-encoding' => 'gzip, deflate',
  'referer' => 'http://www.h.com/ht.php/main/',
  'accept' => 'image/webp,image/apng,image/*,*/*;q=0.8',
  'user-agent' => 'Mozilla/5.0 (Windows NT 6.1; Win64; x64) AppleWebKit/537.36 (KHTML, like Gecko) Chrome/65.0.3325.181 Safari/537.36',
  'connection' => 'close',
  'host' => 'www.h.com',
)
[ info ] [ PARAM ] array (
  '/favicon_ico' => '',
  'etitle' => 'favicon.ico',
)
[ info ] [ DB ] INIT mysql
[ info ] [ LOG ] INIT File
[ error ] [1045]SQLSTATE[HY000] [1045] Access denied for user 'aiqinweb'@'localhost' (using password: YES)[F:\web\s6\thinkphp\library\think\db\Connection.php:293]
---------------------------------------------------------------
[ 2018-05-14T21:23:26+08:00 ] 127.0.0.1 127.0.0.1 GET /static/h/css/bootstrap.min14ed.css?v=3.3.6
[ info ] www.h.com/static/h/css/bootstrap.min14ed.css?v=3.3.6 [运行时间：0.025000s][吞吐率：40.00req/s] [内存消耗：1,279.07kb] [文件加载：40]
[ info ] [ LANG ] F:\web\s6\thinkphp\lang\zh-cn.php
[ info ] [ BIND ] 'index'
[ info ] [ ROUTE ] array (
  'type' => 'module',
  'module' => 
  array (
    0 => 'index',
    1 => 'static',
    2 => 'h',
  ),
)
[ info ] [ HEADER ] array (
  'cookie' => 'PHPSESSID=fbbut8aqk3k1bfnempaae7bld9',
  'accept-language' => 'zh-CN,zh;q=0.9',
  'accept-encoding' => 'gzip, deflate',
  'referer' => 'http://www.h.com/ht.php/main/welcome.html',
  'accept' => 'text/css,*/*;q=0.1',
  'user-agent' => 'Mozilla/5.0 (Windows NT 6.1; Win64; x64) AppleWebKit/537.36 (KHTML, like Gecko) Chrome/65.0.3325.181 Safari/537.36',
  'connection' => 'close',
  'host' => 'www.h.com',
)
[ info ] [ PARAM ] array (
  '/static/h/css/bootstrap_min14ed_css' => '',
  'v' => '3.3.6',
  'css' => 'bootstrap.min14ed.css',
)
[ info ] [ LOG ] INIT File
---------------------------------------------------------------
[ 2018-05-14T21:23:27+08:00 ] 127.0.0.1 127.0.0.1 GET /static/h/css/font-awesome.min93e3.css?v=4.4.0
[ info ] www.h.com/static/h/css/font-awesome.min93e3.css?v=4.4.0 [运行时间：0.021000s][吞吐率：47.62req/s] [内存消耗：1,279.08kb] [文件加载：40]
[ info ] [ LANG ] F:\web\s6\thinkphp\lang\zh-cn.php
[ info ] [ BIND ] 'index'
[ info ] [ ROUTE ] array (
  'type' => 'module',
  'module' => 
  array (
    0 => 'index',
    1 => 'static',
    2 => 'h',
  ),
)
[ info ] [ HEADER ] array (
  'cookie' => 'PHPSESSID=fbbut8aqk3k1bfnempaae7bld9',
  'accept-language' => 'zh-CN,zh;q=0.9',
  'accept-encoding' => 'gzip, deflate',
  'referer' => 'http://www.h.com/ht.php/main/welcome.html',
  'accept' => 'text/css,*/*;q=0.1',
  'user-agent' => 'Mozilla/5.0 (Windows NT 6.1; Win64; x64) AppleWebKit/537.36 (KHTML, like Gecko) Chrome/65.0.3325.181 Safari/537.36',
  'connection' => 'close',
  'host' => 'www.h.com',
)
[ info ] [ PARAM ] array (
  '/static/h/css/font-awesome_min93e3_css' => '',
  'v' => '4.4.0',
  'css' => 'font-awesome.min93e3.css',
)
[ info ] [ LOG ] INIT File
---------------------------------------------------------------
[ 2018-05-14T21:23:27+08:00 ] 127.0.0.1 127.0.0.1 GET /favicon.ico
[ info ] www.h.com/favicon.ico [运行时间：0.044000s][吞吐率：22.73req/s] [内存消耗：2,005.38kb] [文件加载：53]
[ info ] [ LANG ] F:\web\s6\thinkphp\lang\zh-cn.php
[ info ] [ BIND ] 'index'
[ info ] [ ROUTE ] array (
  'type' => 'module',
  'module' => 
  array (
    0 => NULL,
    1 => 'content',
    2 => 'list',
  ),
  'convert' => false,
)
[ info ] [ HEADER ] array (
  'cookie' => 'PHPSESSID=fbbut8aqk3k1bfnempaae7bld9',
  'accept-language' => 'zh-CN,zh;q=0.9',
  'accept-encoding' => 'gzip, deflate',
  'referer' => 'http://www.h.com/ht.php/main/',
  'accept' => 'image/webp,image/apng,image/*,*/*;q=0.8',
  'user-agent' => 'Mozilla/5.0 (Windows NT 6.1; Win64; x64) AppleWebKit/537.36 (KHTML, like Gecko) Chrome/65.0.3325.181 Safari/537.36',
  'cache-control' => 'no-cache',
  'pragma' => 'no-cache',
  'connection' => 'close',
  'host' => 'www.h.com',
)
[ info ] [ PARAM ] array (
  '/favicon_ico' => '',
  'etitle' => 'favicon.ico',
)
[ info ] [ DB ] INIT mysql
[ info ] [ LOG ] INIT File
[ error ] [1045]SQLSTATE[HY000] [1045] Access denied for user 'aiqinweb'@'localhost' (using password: YES)[F:\web\s6\thinkphp\library\think\db\Connection.php:293]
---------------------------------------------------------------
[ 2018-05-14T21:24:52+08:00 ] 127.0.0.1 127.0.0.1 GET /static/h/css/font-awesome.min93e3.css?v=4.4.0
[ info ] www.h.com/static/h/css/font-awesome.min93e3.css?v=4.4.0 [运行时间：0.027000s][吞吐率：37.04req/s] [内存消耗：1,280.05kb] [文件加载：40]
[ info ] [ LANG ] F:\web\s6\thinkphp\lang\zh-cn.php
[ info ] [ BIND ] 'index'
[ info ] [ ROUTE ] array (
  'type' => 'module',
  'module' => 
  array (
    0 => 'index',
    1 => 'static',
    2 => 'h',
  ),
)
[ info ] [ HEADER ] array (
  'cookie' => 'PHPSESSID=fbbut8aqk3k1bfnempaae7bld9',
  'accept-language' => 'zh-CN,zh;q=0.9',
  'accept-encoding' => 'gzip, deflate',
  'referer' => 'http://www.h.com/ht.php/main/welcome.html',
  'accept' => 'text/css,*/*;q=0.1',
  'user-agent' => 'Mozilla/5.0 (Windows NT 6.1; Win64; x64) AppleWebKit/537.36 (KHTML, like Gecko) Chrome/65.0.3325.181 Safari/537.36',
  'cache-control' => 'no-cache',
  'pragma' => 'no-cache',
  'connection' => 'close',
  'host' => 'www.h.com',
)
[ info ] [ PARAM ] array (
  '/static/h/css/font-awesome_min93e3_css' => '',
  'v' => '4.4.0',
  'css' => 'font-awesome.min93e3.css',
)
[ info ] [ LOG ] INIT File
---------------------------------------------------------------
[ 2018-05-14T21:24:53+08:00 ] 127.0.0.1 127.0.0.1 GET /static/h/css/bootstrap.min14ed.css?v=3.3.6
[ info ] www.h.com/static/h/css/bootstrap.min14ed.css?v=3.3.6 [运行时间：0.018000s][吞吐率：55.56req/s] [内存消耗：1,280.05kb] [文件加载：40]
[ info ] [ LANG ] F:\web\s6\thinkphp\lang\zh-cn.php
[ info ] [ BIND ] 'index'
[ info ] [ ROUTE ] array (
  'type' => 'module',
  'module' => 
  array (
    0 => 'index',
    1 => 'static',
    2 => 'h',
  ),
)
[ info ] [ HEADER ] array (
  'cookie' => 'PHPSESSID=fbbut8aqk3k1bfnempaae7bld9',
  'accept-language' => 'zh-CN,zh;q=0.9',
  'accept-encoding' => 'gzip, deflate',
  'referer' => 'http://www.h.com/ht.php/main/welcome.html',
  'accept' => 'text/css,*/*;q=0.1',
  'user-agent' => 'Mozilla/5.0 (Windows NT 6.1; Win64; x64) AppleWebKit/537.36 (KHTML, like Gecko) Chrome/65.0.3325.181 Safari/537.36',
  'cache-control' => 'no-cache',
  'pragma' => 'no-cache',
  'connection' => 'close',
  'host' => 'www.h.com',
)
[ info ] [ PARAM ] array (
  '/static/h/css/bootstrap_min14ed_css' => '',
  'v' => '3.3.6',
  'css' => 'bootstrap.min14ed.css',
)
[ info ] [ LOG ] INIT File
---------------------------------------------------------------
[ 2018-05-14T21:24:53+08:00 ] 127.0.0.1 127.0.0.1 GET /favicon.ico
[ info ] www.h.com/favicon.ico [运行时间：0.033000s][吞吐率：30.30req/s] [内存消耗：2,004.41kb] [文件加载：53]
[ info ] [ LANG ] F:\web\s6\thinkphp\lang\zh-cn.php
[ info ] [ BIND ] 'index'
[ info ] [ ROUTE ] array (
  'type' => 'module',
  'module' => 
  array (
    0 => NULL,
    1 => 'content',
    2 => 'list',
  ),
  'convert' => false,
)
[ info ] [ HEADER ] array (
  'cookie' => 'PHPSESSID=fbbut8aqk3k1bfnempaae7bld9',
  'accept-language' => 'zh-CN,zh;q=0.9',
  'accept-encoding' => 'gzip, deflate',
  'referer' => 'http://www.h.com/ht.php/main/',
  'accept' => 'image/webp,image/apng,image/*,*/*;q=0.8',
  'user-agent' => 'Mozilla/5.0 (Windows NT 6.1; Win64; x64) AppleWebKit/537.36 (KHTML, like Gecko) Chrome/65.0.3325.181 Safari/537.36',
  'connection' => 'close',
  'host' => 'www.h.com',
)
[ info ] [ PARAM ] array (
  '/favicon_ico' => '',
  'etitle' => 'favicon.ico',
)
[ info ] [ DB ] INIT mysql
[ info ] [ LOG ] INIT File
[ error ] [1045]SQLSTATE[HY000] [1045] Access denied for user 'aiqinweb'@'localhost' (using password: YES)[F:\web\s6\thinkphp\library\think\db\Connection.php:293]
